12/06/2023 09:45:02  INFO  - Browser is opened.
12/06/2023 09:45:06  INFO  - URL is opened.
12/06/2023 09:45:06  INFO  - Login Start.
12/06/2023 09:45:08  INFO  - Login end.
12/06/2023 09:45:11  INFO  - Logout
12/06/2023 09:45:12  INFO  - Browser is Closed.
12/06/2023 09:45:34  INFO  - Browser is opened.
12/06/2023 09:45:37  INFO  - URL is opened.
12/06/2023 09:45:37  INFO  - Login Start.
12/06/2023 09:45:39  INFO  - Login end.
12/06/2023 09:45:43  INFO  - Logout
12/06/2023 09:45:43  INFO  - Browser is Closed.
12/06/2023 09:50:28  INFO  - Browser is opened.
12/06/2023 09:50:30  INFO  - URL is opened.
12/06/2023 09:50:30  INFO  - Login Start.
12/06/2023 09:50:33  INFO  - Login end.
12/06/2023 09:50:36  INFO  - message displayed- [[EdgeDriver: msedge on WINDOWS (9057926bd2c7a4b6df1e81dbc5002dec)] -> xpath: //div[@id='hmenu-customer-name']//b[1]]
12/06/2023 09:50:36  INFO  - Logout
12/06/2023 09:50:37  INFO  - Browser is Closed.
12/06/2023 09:56:24  INFO  - Browser is opened.
12/06/2023 09:56:27  INFO  - URL is opened.
12/06/2023 09:56:27  INFO  - Login Start.
12/06/2023 09:56:30  INFO  - Login end.
12/06/2023 09:56:34  INFO  - Message displayed- 
12/06/2023 09:56:36  INFO  - Logout successful
12/06/2023 09:56:36  INFO  - Logout
12/06/2023 09:56:36  INFO  - Browser is Closed.
12/06/2023 10:18:54  INFO  - Browser is opened.
12/06/2023 10:18:57  INFO  - URL is opened.
12/06/2023 10:18:57  INFO  - Login Start.
12/06/2023 10:19:02  ERROR - login
12/06/2023 10:19:02  INFO  - Logout
12/06/2023 10:19:03  INFO  - Browser is Closed.
12/06/2023 10:21:05  INFO  - Browser is opened.
12/06/2023 10:21:07  INFO  - URL is opened.
12/06/2023 10:21:07  INFO  - Login Start.
12/06/2023 10:21:12  INFO  - Login Successful.
12/06/2023 10:21:13  INFO  - Message displayed- Hello, deepak
12/06/2023 10:21:16  ERROR - login
12/06/2023 10:21:16  INFO  - Logout
12/06/2023 10:21:16  INFO  - Browser is Closed.
12/06/2023 10:23:10  INFO  - Browser is opened.
12/06/2023 10:23:12  INFO  - URL is opened.
12/06/2023 10:23:12  INFO  - Login Start.
12/06/2023 10:23:18  ERROR - login
12/06/2023 10:23:18  INFO  - Logout
12/06/2023 10:23:19  INFO  - Browser is Closed.
12/06/2023 10:24:11  INFO  - Browser is opened.
12/06/2023 10:24:14  INFO  - URL is opened.
12/06/2023 10:24:14  INFO  - Login Start.
12/06/2023 10:24:19  INFO  - Login Successful.
12/06/2023 10:24:20  INFO  - Message displayed- Hello, deepak
12/06/2023 10:24:22  INFO  - Logout successful
12/06/2023 10:24:22  INFO  - Logout
12/06/2023 10:24:22  INFO  - Browser is Closed.
12/06/2023 11:39:58  INFO  - Browser is opened.
12/06/2023 11:40:02  INFO  - URL is opened.
12/06/2023 11:40:02  INFO  - Login Start.
12/06/2023 11:40:12  INFO  - Login Successful.
12/06/2023 11:40:12  INFO  - Message displayed- 
12/06/2023 11:40:15  INFO  - Logout successful
12/06/2023 11:40:15  INFO  - Logout
12/06/2023 11:40:15  INFO  - Browser is Closed.
12/06/2023 11:44:23  INFO  - Browser is opened.
12/06/2023 11:44:27  INFO  - URL is opened.
12/06/2023 11:44:27  INFO  - Login Start.
12/06/2023 11:44:36  INFO  - Login Successful.
12/06/2023 11:44:37  INFO  - Message displayed- 
12/06/2023 11:44:40  INFO  - Logout successful
12/06/2023 11:44:40  INFO  - Logout
12/06/2023 11:44:40  INFO  - Browser is Closed.
12/06/2023 11:50:38  INFO  - Browser is opened.
12/06/2023 11:50:42  INFO  - URL is opened.
12/06/2023 11:50:42  INFO  - Login Start.
12/06/2023 11:50:52  INFO  - Login Successful.
12/06/2023 11:50:53  INFO  - Message displayed- Hello, deepak
12/06/2023 11:50:56  INFO  - Logout successful
12/06/2023 11:50:56  INFO  - Logout
12/06/2023 11:50:56  INFO  - Browser is Closed.
